<?xml version="1.0" encoding="UTF-8"?>
<testng-results ignored="0" total="1" passed="1" failed="0" skipped="0">
  <reporter-output>
  </reporter-output>
  <suite started-at="2026-01-10T09:36:03 IST" name="Suite" finished-at="2026-01-10T09:36:39 IST" duration-ms="36392">
    <groups>
    </groups>
    <test started-at="2026-01-10T09:36:03 IST" name="Test" finished-at="2026-01-10T09:36:39 IST" duration-ms="36392">
      <class name="Extent.Extentreports.testclass">
        <test-method signature="Baseclass()[pri:0, instance:Extent.Extentreports.testclass@7fb4f2a9]" started-at="2026-01-10T09:36:03 IST" name="Baseclass" finished-at="2026-01-10T09:36:39 IST" duration-ms="36296" status="PASS">
          <reporter-output>
          </reporter-output>
        </test-method> <!-- Baseclass -->
      </class> <!-- Extent.Extentreports.testclass -->
    </test> <!-- Test -->
  </suite> <!-- Suite -->
</testng-results>
